[20:03:15.853] [INFO]: Loading config 'startup.json'.
[20:03:21.323] [INFO]: Loaded plugins: almostunified:common, almostunified:neoforge
[20:03:29.146] [WARN]: Reload detected. Reconstructing runtime.
[20:03:29.149] [INFO]: Loading config 'debug.json'.
[20:03:29.151] [INFO]: Loading config 'placeholders.json'.
[20:03:29.154] [INFO]: Loading config 'tags.json'.
[20:03:29.216] [INFO]: [AutoHiding] Hiding 1/2 items for tag '#c:storage_blocks/uranium' -> [stellaris:uranium_block]
[20:03:29.217] [INFO]: [AutoHiding] Hiding 2/3 items for tag '#c:storage_blocks/steel' -> [oritech:steel_block, stellaris:steel_block]
[20:03:29.217] [INFO]: [AutoHiding] Hiding 1/2 items for tag '#c:dusts/uranium' -> [oritech:uranium_dust]
[20:03:29.220] [INFO]: [AutoHiding] Hiding 4/7 items for tag '#c:ores/gold' -> [undergarden:depthrock_gold_ore, deeperdarker:gloomslate_gold_ore, deeperdarker:sculk_stone_gold_ore, stellaris:venus_gold_ore]
[20:03:29.221] [INFO]: [AutoHiding] Hiding 2/4 items for tag '#c:ores/copper' -> [deeperdarker:sculk_stone_copper_ore, deeperdarker:gloomslate_copper_ore]
[20:03:29.222] [INFO]: [AutoHiding] Hiding 1/2 items for tag '#c:dusts/copper' -> [oritech:copper_dust]
[20:03:29.222] [INFO]: [AutoHiding] Hiding 3/4 items for tag '#c:ingots/steel' -> [stellaris:steel_ingot, oritech:biosteel_ingot, oritech:steel_ingot]
[20:03:29.222] [INFO]: [AutoHiding] Hiding 1/2 items for tag '#c:dusts/iron' -> [oritech:iron_dust]
[20:03:29.222] [INFO]: [AutoHiding] Hiding 1/2 items for tag '#c:dusts/steel' -> [oritech:steel_dust]
[20:03:29.222] [INFO]: [AutoHiding] Hiding 1/2 items for tag '#c:ingots/uranium' -> [stellaris:uranium_ingot]
[20:03:29.223] [INFO]: [AutoHiding] Hiding 1/2 items for tag '#c:nuggets/steel' -> [stellaris:steel_nugget]
[20:03:29.223] [INFO]: [AutoHiding] Hiding 2/4 items for tag '#c:ores/emerald' -> [deeperdarker:sculk_stone_emerald_ore, deeperdarker:gloomslate_emerald_ore]
[20:03:29.223] [INFO]: [AutoHiding] Hiding 2/4 items for tag '#c:ores/lapis' -> [deeperdarker:gloomslate_lapis_ore, deeperdarker:sculk_stone_lapis_ore]
[20:03:29.224] [INFO]: [AutoHiding] Hiding 6/8 items for tag '#c:ores/diamond' -> [stellaris:venus_diamond_ore, stellaris:mars_diamond_ore, undergarden:shiverstone_diamond_ore, deeperdarker:sculk_stone_diamond_ore, deeperdarker:gloomslate_diamond_ore, undergarden:depthrock_diamond_ore]
[20:03:29.227] [INFO]: [AutoHiding] Hiding 2/3 items for tag '#c:raw_materials/uranium' -> [oritech:raw_uranium, stellaris:raw_uranium]
[20:03:29.227] [INFO]: [AutoHiding] Hiding 1/2 items for tag '#c:storage_blocks/raw_uranium' -> [stellaris:raw_uranium_block]
[20:03:29.227] [INFO]: [AutoHiding] Hiding 1/2 items for tag '#c:dusts/gold' -> [oritech:gold_dust]
[20:03:29.227] [INFO]: [AutoHiding] Hiding 2/4 items for tag '#c:ores/uranium' -> [stellaris:mercury_uranium_ore, oritech:deepslate_uranium_ore]
[20:03:29.229] [INFO]: [AutoHiding] Hiding 7/9 items for tag '#c:ores/iron' -> [stellaris:mars_iron_ore, undergarden:shiverstone_iron_ore, stellaris:mercury_iron_ore, undergarden:depthrock_iron_ore, stellaris:moon_iron_ore, deeperdarker:gloomslate_iron_ore, deeperdarker:sculk_stone_iron_ore]
[20:03:30.283] [INFO]: Loading config 'duplicates.json'.
[20:03:30.287] [INFO]: Recipe count: 11169
[20:03:31.867] [INFO]: Recipe count afterwards: 11118 (done in 1.579 s)
